[    1210ms] [WARNING] Canvas2D: Multiple readback operations using getImageData are faster with the willReadFrequently attribute set to true. See: https://html.spec.whatwg.org/multipage/canvas.html#concept-canvas-will-read-frequently @ https://deo.shopeemobile.com/shopee/shopee-pcmall-live-sg/assets/sws.418acb9f384af34c.2023.js:4
[    1212ms] [WARNING] Canvas2D: Multiple readback operations using getImageData are faster with the willReadFrequently attribute set to true. See: https://html.spec.whatwg.org/multipage/canvas.html#concept-canvas-will-read-frequently @ https://deo.shopeemobile.com/shopee/shopee-pcmall-live-sg/assets/sws.418acb9f384af34c.2023.js:4
[    1214ms] [WARNING] Canvas2D: Multiple readback operations using getImageData are faster with the willReadFrequently attribute set to true. See: https://html.spec.whatwg.org/multipage/canvas.html#concept-canvas-will-read-frequently @ https://deo.shopeemobile.com/shopee/shopee-pcmall-live-sg/assets/sws.418acb9f384af34c.2023.js:4
[    2552ms] [ERROR] Failed to load resource: the server responded with a status of 404 () @ https://deo.shopeemobile.com/shopee/stm-sg-live/shopee-pcmall-live-sg/vi.col102.json:0
[    2662ms] [ERROR] Failed to load resource: the server responded with a status of 404 () @ https://deo.shopeemobile.com/shopee/stm-sg-live/shopee-pcmall-live-sg/vi.col108.json:0
[    2948ms] [WARNING] [Meta Pixel] - Duplicate Pixel ID: 1457130904612161. @ https://deo.shopeemobile.com/shopee/shopee-pcmall-live-sg/assets/entry-modules.a18ad5c937301567.2023.js:54
[    3221ms] [WARNING] Hotjar not launching due to suspicious userAgent: Mozilla/5.0 (Windows NT 10.0; Win64; x64) AppleWebKit/537.36 (KHTML, like Gecko) HeadlessChrome/145.0.0.0 Safari/537.36 @ https://deo.shopeemobile.com/shopee/shopee-pcmall-live-sg/assets/entry-modules.a18ad5c937301567.2023.js:54
[   66944ms] [ERROR] [APMS] Exception caught but not sampled to send to APMS {js_error_type: custom, js_error_level: error, js_error_name: TypeError, js_error_message: Failed to fetch, js_error_stack: at window.fetch (https://deo.shopeemobile.com/shop…gtag/js?id=G-4GPP1ZXG63&cx=c&gtm=4e63b0h2:988:417} @ https://deo.shopeemobile.com/shopee/shopee-pcmall-live-sg/assets/entry-modules.a18ad5c937301567.2023.js:54
[   66945ms] [ERROR] [APMS] Exception caught but not sampled to send to APMS {js_error_type: custom, js_error_level: error, js_error_name: TypeError, js_error_message: Failed to fetch, js_error_stack: at window.fetch (https://deo.shopeemobile.com/shop…/amd/@shopee/tracking-core@9a407ad.min.js:1:26126} @ https://deo.shopeemobile.com/shopee/shopee-pcmall-live-sg/assets/entry-modules.a18ad5c937301567.2023.js:54
[   67323ms] [WARNING] Canvas2D: Multiple readback operations using getImageData are faster with the willReadFrequently attribute set to true. See: https://html.spec.whatwg.org/multipage/canvas.html#concept-canvas-will-read-frequently @ https://deo.shopeemobile.com/shopee/shopee-pcmall-live-sg/assets/sws.418acb9f384af34c.2023.js:13
[   67327ms] [WARNING] Canvas2D: Multiple readback operations using getImageData are faster with the willReadFrequently attribute set to true. See: https://html.spec.whatwg.org/multipage/canvas.html#concept-canvas-will-read-frequently @ https://deo.shopeemobile.com/shopee/shopee-pcmall-live-sg/assets/sws.418acb9f384af34c.2023.js:13
[   67329ms] [WARNING] Canvas2D: Multiple readback operations using getImageData are faster with the willReadFrequently attribute set to true. See: https://html.spec.whatwg.org/multipage/canvas.html#concept-canvas-will-read-frequently @ https://deo.shopeemobile.com/shopee/shopee-pcmall-live-sg/assets/sws.418acb9f384af34c.2023.js:13
[   67594ms] [ERROR] Failed to load resource: the server responded with a status of 404 () @ https://deo.shopeemobile.com/shopee/stm-sg-live/shopee-pcmall-live-sg/vi.col108.json:0
[   67594ms] [ERROR] Failed to load resource: the server responded with a status of 404 () @ https://deo.shopeemobile.com/shopee/stm-sg-live/shopee-pcmall-live-sg/vi.col102.json:0
[   67959ms] [WARNING] [Meta Pixel] - Duplicate Pixel ID: 1457130904612161. @ https://deo.shopeemobile.com/shopee/shopee-pcmall-live-sg/assets/entry-modules.a18ad5c937301567.2023.js:54
[   68110ms] [WARNING] Hotjar not launching due to suspicious userAgent: Mozilla/5.0 (Windows NT 10.0; Win64; x64) AppleWebKit/537.36 (KHTML, like Gecko) HeadlessChrome/145.0.0.0 Safari/537.36 @ https://deo.shopeemobile.com/shopee/shopee-pcmall-live-sg/assets/entry-modules.a18ad5c937301567.2023.js:54
[   82349ms] [ERROR] [APMS] Exception caught but not sampled to send to APMS {js_error_type: custom, js_error_level: error, js_error_name: TypeError, js_error_message: Failed to fetch, js_error_stack: at window.fetch (https://deo.shopeemobile.com/shop…gtag/js?id=G-4GPP1ZXG63&cx=c&gtm=4e63b0h2:988:417} @ https://deo.shopeemobile.com/shopee/shopee-pcmall-live-sg/assets/entry-modules.a18ad5c937301567.2023.js:54
[   82694ms] [WARNING] Canvas2D: Multiple readback operations using getImageData are faster with the willReadFrequently attribute set to true. See: https://html.spec.whatwg.org/multipage/canvas.html#concept-canvas-will-read-frequently @ https://deo.shopeemobile.com/shopee/shopee-pcmall-live-sg/assets/sws.418acb9f384af34c.2023.js:13
[   82697ms] [WARNING] Canvas2D: Multiple readback operations using getImageData are faster with the willReadFrequently attribute set to true. See: https://html.spec.whatwg.org/multipage/canvas.html#concept-canvas-will-read-frequently @ https://deo.shopeemobile.com/shopee/shopee-pcmall-live-sg/assets/sws.418acb9f384af34c.2023.js:13
[   82699ms] [WARNING] Canvas2D: Multiple readback operations using getImageData are faster with the willReadFrequently attribute set to true. See: https://html.spec.whatwg.org/multipage/canvas.html#concept-canvas-will-read-frequently @ https://deo.shopeemobile.com/shopee/shopee-pcmall-live-sg/assets/sws.418acb9f384af34c.2023.js:13
[   82942ms] [ERROR] Failed to load resource: the server responded with a status of 404 () @ https://deo.shopeemobile.com/shopee/stm-sg-live/shopee-pcmall-live-sg/vi.col108.json:0
[   82944ms] [ERROR] Failed to load resource: the server responded with a status of 404 () @ https://deo.shopeemobile.com/shopee/stm-sg-live/shopee-pcmall-live-sg/vi.col102.json:0
[   83330ms] [WARNING] [Meta Pixel] - Duplicate Pixel ID: 1457130904612161. @ https://deo.shopeemobile.com/shopee/shopee-pcmall-live-sg/assets/entry-modules.a18ad5c937301567.2023.js:54
[   83430ms] [WARNING] Hotjar not launching due to suspicious userAgent: Mozilla/5.0 (Windows NT 10.0; Win64; x64) AppleWebKit/537.36 (KHTML, like Gecko) HeadlessChrome/145.0.0.0 Safari/537.36 @ https://deo.shopeemobile.com/shopee/shopee-pcmall-live-sg/assets/entry-modules.a18ad5c937301567.2023.js:54
[  104474ms] [ERROR] [APMS] Exception caught but not sampled to send to APMS {js_error_type: custom, js_error_level: error, js_error_name: TypeError, js_error_message: Failed to fetch, js_error_stack: at window.fetch (https://deo.shopeemobile.com/shop…/amd/@shopee/tracking-core@9a407ad.min.js:1:26126} @ https://deo.shopeemobile.com/shopee/shopee-pcmall-live-sg/assets/entry-modules.a18ad5c937301567.2023.js:54
[  104474ms] [ERROR] [APMS] Exception caught but not sampled to send to APMS {js_error_type: custom, js_error_level: error, js_error_name: TypeError, js_error_message: Failed to fetch, js_error_stack: at window.fetch (https://deo.shopeemobile.com/shop…gtag/js?id=G-4GPP1ZXG63&cx=c&gtm=4e63b0h2:988:417} @ https://deo.shopeemobile.com/shopee/shopee-pcmall-live-sg/assets/entry-modules.a18ad5c937301567.2023.js:54
[  104794ms] [WARNING] Canvas2D: Multiple readback operations using getImageData are faster with the willReadFrequently attribute set to true. See: https://html.spec.whatwg.org/multipage/canvas.html#concept-canvas-will-read-frequently @ https://deo.shopeemobile.com/shopee/shopee-pcmall-live-sg/assets/sws.418acb9f384af34c.2023.js:13
[  104799ms] [WARNING] Canvas2D: Multiple readback operations using getImageData are faster with the willReadFrequently attribute set to true. See: https://html.spec.whatwg.org/multipage/canvas.html#concept-canvas-will-read-frequently @ https://deo.shopeemobile.com/shopee/shopee-pcmall-live-sg/assets/sws.418acb9f384af34c.2023.js:13
[  104801ms] [WARNING] Canvas2D: Multiple readback operations using getImageData are faster with the willReadFrequently attribute set to true. See: https://html.spec.whatwg.org/multipage/canvas.html#concept-canvas-will-read-frequently @ https://deo.shopeemobile.com/shopee/shopee-pcmall-live-sg/assets/sws.418acb9f384af34c.2023.js:13
[  105040ms] [ERROR] Failed to load resource: the server responded with a status of 404 () @ https://deo.shopeemobile.com/shopee/stm-sg-live/shopee-pcmall-live-sg/vi.col108.json:0
[  105040ms] [ERROR] Failed to load resource: the server responded with a status of 404 () @ https://deo.shopeemobile.com/shopee/stm-sg-live/shopee-pcmall-live-sg/vi.col102.json:0
[  105397ms] [WARNING] [Meta Pixel] - Duplicate Pixel ID: 1457130904612161. @ https://deo.shopeemobile.com/shopee/shopee-pcmall-live-sg/assets/entry-modules.a18ad5c937301567.2023.js:54
[  105524ms] [WARNING] Hotjar not launching due to suspicious userAgent: Mozilla/5.0 (Windows NT 10.0; Win64; x64) AppleWebKit/537.36 (KHTML, like Gecko) HeadlessChrome/145.0.0.0 Safari/537.36 @ https://deo.shopeemobile.com/shopee/shopee-pcmall-live-sg/assets/entry-modules.a18ad5c937301567.2023.js:54
[  146843ms] [ERROR] [APMS] Exception caught but not sampled to send to APMS {js_error_type: custom, js_error_level: error, js_error_name: TypeError, js_error_message: Failed to fetch, js_error_stack: at window.fetch (https://deo.shopeemobile.com/shop…gtag/js?id=G-4GPP1ZXG63&cx=c&gtm=4e63b0h2:988:417} @ https://deo.shopeemobile.com/shopee/shopee-pcmall-live-sg/assets/entry-modules.a18ad5c937301567.2023.js:54
[  147098ms] [WARNING] Canvas2D: Multiple readback operations using getImageData are faster with the willReadFrequently attribute set to true. See: https://html.spec.whatwg.org/multipage/canvas.html#concept-canvas-will-read-frequently @ https://deo.shopeemobile.com/shopee/shopee-pcmall-live-sg/assets/sws.418acb9f384af34c.2023.js:13
[  147100ms] [WARNING] Canvas2D: Multiple readback operations using getImageData are faster with the willReadFrequently attribute set to true. See: https://html.spec.whatwg.org/multipage/canvas.html#concept-canvas-will-read-frequently @ https://deo.shopeemobile.com/shopee/shopee-pcmall-live-sg/assets/sws.418acb9f384af34c.2023.js:13
[  147103ms] [WARNING] Canvas2D: Multiple readback operations using getImageData are faster with the willReadFrequently attribute set to true. See: https://html.spec.whatwg.org/multipage/canvas.html#concept-canvas-will-read-frequently @ https://deo.shopeemobile.com/shopee/shopee-pcmall-live-sg/assets/sws.418acb9f384af34c.2023.js:13
[  147386ms] [ERROR] Failed to load resource: the server responded with a status of 404 () @ https://deo.shopeemobile.com/shopee/stm-sg-live/shopee-pcmall-live-sg/vi.col108.json:0
[  147386ms] [ERROR] Failed to load resource: the server responded with a status of 404 () @ https://deo.shopeemobile.com/shopee/stm-sg-live/shopee-pcmall-live-sg/vi.col102.json:0
[  147838ms] [WARNING] [Meta Pixel] - Duplicate Pixel ID: 1457130904612161. @ https://deo.shopeemobile.com/shopee/shopee-pcmall-live-sg/assets/entry-modules.a18ad5c937301567.2023.js:54
[  147981ms] [WARNING] Hotjar not launching due to suspicious userAgent: Mozilla/5.0 (Windows NT 10.0; Win64; x64) AppleWebKit/537.36 (KHTML, like Gecko) HeadlessChrome/145.0.0.0 Safari/537.36 @ https://deo.shopeemobile.com/shopee/shopee-pcmall-live-sg/assets/entry-modules.a18ad5c937301567.2023.js:54
[  182378ms] [ERROR] [APMS] Exception caught but not sampled to send to APMS {js_error_type: custom, js_error_level: error, js_error_name: TypeError, js_error_message: Failed to fetch, js_error_stack: at window.fetch (https://deo.shopeemobile.com/shop…/amd/@shopee/tracking-core@9a407ad.min.js:1:26126} @ https://deo.shopeemobile.com/shopee/shopee-pcmall-live-sg/assets/entry-modules.a18ad5c937301567.2023.js:54
[  182379ms] [ERROR] [APMS] Exception caught but not sampled to send to APMS {js_error_type: custom, js_error_level: error, js_error_name: TypeError, js_error_message: Failed to fetch, js_error_stack: at window.fetch (https://deo.shopeemobile.com/shop…gtag/js?id=G-4GPP1ZXG63&cx=c&gtm=4e63b0h2:988:417} @ https://deo.shopeemobile.com/shopee/shopee-pcmall-live-sg/assets/entry-modules.a18ad5c937301567.2023.js:54
[  182705ms] [WARNING] Canvas2D: Multiple readback operations using getImageData are faster with the willReadFrequently attribute set to true. See: https://html.spec.whatwg.org/multipage/canvas.html#concept-canvas-will-read-frequently @ https://deo.shopeemobile.com/shopee/shopee-pcmall-live-sg/assets/sws.418acb9f384af34c.2023.js:13
[  182707ms] [WARNING] Canvas2D: Multiple readback operations using getImageData are faster with the willReadFrequently attribute set to true. See: https://html.spec.whatwg.org/multipage/canvas.html#concept-canvas-will-read-frequently @ https://deo.shopeemobile.com/shopee/shopee-pcmall-live-sg/assets/sws.418acb9f384af34c.2023.js:13
[  182710ms] [WARNING] Canvas2D: Multiple readback operations using getImageData are faster with the willReadFrequently attribute set to true. See: https://html.spec.whatwg.org/multipage/canvas.html#concept-canvas-will-read-frequently @ https://deo.shopeemobile.com/shopee/shopee-pcmall-live-sg/assets/sws.418acb9f384af34c.2023.js:13
[  182936ms] [ERROR] Failed to load resource: the server responded with a status of 404 () @ https://deo.shopeemobile.com/shopee/stm-sg-live/shopee-pcmall-live-sg/vi.col108.json:0
[  182936ms] [ERROR] Failed to load resource: the server responded with a status of 404 () @ https://deo.shopeemobile.com/shopee/stm-sg-live/shopee-pcmall-live-sg/vi.col102.json:0
[  183314ms] [WARNING] [Meta Pixel] - Duplicate Pixel ID: 1457130904612161. @ https://deo.shopeemobile.com/shopee/shopee-pcmall-live-sg/assets/entry-modules.a18ad5c937301567.2023.js:54
[  183477ms] [WARNING] Hotjar not launching due to suspicious userAgent: Mozilla/5.0 (Windows NT 10.0; Win64; x64) AppleWebKit/537.36 (KHTML, like Gecko) HeadlessChrome/145.0.0.0 Safari/537.36 @ https://deo.shopeemobile.com/shopee/shopee-pcmall-live-sg/assets/entry-modules.a18ad5c937301567.2023.js:54
[  275246ms] [ERROR] [APMS] Exception caught but not sampled to send to APMS {js_error_type: custom, js_error_level: error, js_error_name: TypeError, js_error_message: Failed to fetch, js_error_stack: at window.fetch (https://deo.shopeemobile.com/shop…/amd/@shopee/tracking-core@9a407ad.min.js:1:26126} @ https://deo.shopeemobile.com/shopee/shopee-pcmall-live-sg/assets/entry-modules.a18ad5c937301567.2023.js:54
[  275247ms] [ERROR] [APMS] Exception caught but not sampled to send to APMS {js_error_type: custom, js_error_level: error, js_error_name: TypeError, js_error_message: Failed to fetch, js_error_stack: at window.fetch (https://deo.shopeemobile.com/shop…gtag/js?id=G-4GPP1ZXG63&cx=c&gtm=4e63b0h2:988:417} @ https://deo.shopeemobile.com/shopee/shopee-pcmall-live-sg/assets/entry-modules.a18ad5c937301567.2023.js:54
[  275523ms] [WARNING] Canvas2D: Multiple readback operations using getImageData are faster with the willReadFrequently attribute set to true. See: https://html.spec.whatwg.org/multipage/canvas.html#concept-canvas-will-read-frequently @ https://deo.shopeemobile.com/shopee/shopee-pcmall-live-sg/assets/sws.418acb9f384af34c.2023.js:13
[  275525ms] [WARNING] Canvas2D: Multiple readback operations using getImageData are faster with the willReadFrequently attribute set to true. See: https://html.spec.whatwg.org/multipage/canvas.html#concept-canvas-will-read-frequently @ https://deo.shopeemobile.com/shopee/shopee-pcmall-live-sg/assets/sws.418acb9f384af34c.2023.js:13
[  275527ms] [WARNING] Canvas2D: Multiple readback operations using getImageData are faster with the willReadFrequently attribute set to true. See: https://html.spec.whatwg.org/multipage/canvas.html#concept-canvas-will-read-frequently @ https://deo.shopeemobile.com/shopee/shopee-pcmall-live-sg/assets/sws.418acb9f384af34c.2023.js:13
[  275762ms] [ERROR] Failed to load resource: the server responded with a status of 404 () @ https://deo.shopeemobile.com/shopee/stm-sg-live/shopee-pcmall-live-sg/vi.col108.json:0
[  275762ms] [ERROR] Failed to load resource: the server responded with a status of 404 () @ https://deo.shopeemobile.com/shopee/stm-sg-live/shopee-pcmall-live-sg/vi.col102.json:0
[  276229ms] [WARNING] [Meta Pixel] - Duplicate Pixel ID: 1457130904612161. @ https://deo.shopeemobile.com/shopee/shopee-pcmall-live-sg/assets/entry-modules.a18ad5c937301567.2023.js:54
[  276368ms] [WARNING] Hotjar not launching due to suspicious userAgent: Mozilla/5.0 (Windows NT 10.0; Win64; x64) AppleWebKit/537.36 (KHTML, like Gecko) HeadlessChrome/145.0.0.0 Safari/537.36 @ https://deo.shopeemobile.com/shopee/shopee-pcmall-live-sg/assets/entry-modules.a18ad5c937301567.2023.js:54
[ 2483946ms] [ERROR] [APMS] Exception caught but not sampled to send to APMS {js_error_type: custom, js_error_level: error, js_error_name: TypeError, js_error_message: Failed to fetch, js_error_stack: at window.fetch (https://deo.shopeemobile.com/shop…ag/js?id=G-4GPP1ZXG63&cx=c&gtm=4e63b0h2:961:1927)} @ https://deo.shopeemobile.com/shopee/shopee-pcmall-live-sg/assets/entry-modules.a18ad5c937301567.2023.js:54
[ 2483947ms] [ERROR] [APMS] Exception caught but not sampled to send to APMS {js_error_type: custom, js_error_level: error, js_error_name: TypeError, js_error_message: Failed to fetch, js_error_stack: at window.fetch (https://deo.shopeemobile.com/shop…gtag/js?id=G-4GPP1ZXG63&cx=c&gtm=4e63b0h2:988:417} @ https://deo.shopeemobile.com/shopee/shopee-pcmall-live-sg/assets/entry-modules.a18ad5c937301567.2023.js:54
[ 2484212ms] [WARNING] Canvas2D: Multiple readback operations using getImageData are faster with the willReadFrequently attribute set to true. See: https://html.spec.whatwg.org/multipage/canvas.html#concept-canvas-will-read-frequently @ https://deo.shopeemobile.com/shopee/shopee-pcmall-live-sg/assets/sws.418acb9f384af34c.2023.js:13
[ 2484214ms] [WARNING] Canvas2D: Multiple readback operations using getImageData are faster with the willReadFrequently attribute set to true. See: https://html.spec.whatwg.org/multipage/canvas.html#concept-canvas-will-read-frequently @ https://deo.shopeemobile.com/shopee/shopee-pcmall-live-sg/assets/sws.418acb9f384af34c.2023.js:13
[ 2484215ms] [WARNING] Canvas2D: Multiple readback operations using getImageData are faster with the willReadFrequently attribute set to true. See: https://html.spec.whatwg.org/multipage/canvas.html#concept-canvas-will-read-frequently @ https://deo.shopeemobile.com/shopee/shopee-pcmall-live-sg/assets/sws.418acb9f384af34c.2023.js:13
[ 2484541ms] [ERROR] Failed to load resource: the server responded with a status of 404 () @ https://deo.shopeemobile.com/shopee/stm-sg-live/shopee-pcmall-live-sg/vi.col102.json:0
[ 2484583ms] [ERROR] Failed to load resource: the server responded with a status of 404 () @ https://deo.shopeemobile.com/shopee/stm-sg-live/shopee-pcmall-live-sg/vi.col108.json:0
[ 2484889ms] [WARNING] [Meta Pixel] - Duplicate Pixel ID: 1457130904612161. @ https://deo.shopeemobile.com/shopee/shopee-pcmall-live-sg/assets/entry-modules.a18ad5c937301567.2023.js:54
[ 2485028ms] [WARNING] Hotjar not launching due to suspicious userAgent: Mozilla/5.0 (Windows NT 10.0; Win64; x64) AppleWebKit/537.36 (KHTML, like Gecko) HeadlessChrome/145.0.0.0 Safari/537.36 @ https://deo.shopeemobile.com/shopee/shopee-pcmall-live-sg/assets/entry-modules.a18ad5c937301567.2023.js:54
