[    2187ms] [WARNING] Canvas2D: Multiple readback operations using getImageData are faster with the willReadFrequently attribute set to true. See: https://html.spec.whatwg.org/multipage/canvas.html#concept-canvas-will-read-frequently @ https://deo.shopeemobile.com/shopee/shopee-pcmall-live-sg/assets/sws.418acb9f384af34c.2023.js:4
[    2189ms] [WARNING] Canvas2D: Multiple readback operations using getImageData are faster with the willReadFrequently attribute set to true. See: https://html.spec.whatwg.org/multipage/canvas.html#concept-canvas-will-read-frequently @ https://deo.shopeemobile.com/shopee/shopee-pcmall-live-sg/assets/sws.418acb9f384af34c.2023.js:4
[    2190ms] [WARNING] Canvas2D: Multiple readback operations using getImageData are faster with the willReadFrequently attribute set to true. See: https://html.spec.whatwg.org/multipage/canvas.html#concept-canvas-will-read-frequently @ https://deo.shopeemobile.com/shopee/shopee-pcmall-live-sg/assets/sws.418acb9f384af34c.2023.js:4
[    2250ms] [ERROR] Failed to load resource: the server responded with a status of 404 () @ https://deo.shopeemobile.com/shopee/stm-sg-live/shopee-pcmall-live-sg/vi.col108.json:0
[    2251ms] [ERROR] Failed to load resource: the server responded with a status of 404 () @ https://deo.shopeemobile.com/shopee/stm-sg-live/shopee-pcmall-live-sg/vi.col102.json:0
[    2722ms] [WARNING] [Meta Pixel] - Duplicate Pixel ID: 1457130904612161. @ https://deo.shopeemobile.com/shopee/shopee-pcmall-live-sg/assets/entry-modules.a18ad5c937301567.2023.js:54
[    2856ms] [ERROR] Attestation check for Attribution Reporting on https://www.facebook.com failed. @ https://shopee.vn/m/shopee-sieu-re#anchorId-1767016559297:0
[    3965ms] [ERROR] Attestation check for Attribution Reporting on https://www.facebook.com failed. @ https://shopee.vn/buyer/login?fu_tracking_id=650f4b10ad1-5f15-4650-bc4d-7bb192bcbe75&next=https%3A%2F%2Fshopee.vn%2Fm%2Fshopee-sieu-re%23anchorId-1767016559297:0
[    9401ms] [ERROR] Attestation check for Attribution Reporting on https://www.facebook.com failed. @ https://shopee.vn/buyer/login?fu_tracking_id=650f4b10ad1-5f15-4650-bc4d-7bb192bcbe75&next=https%3A%2F%2Fshopee.vn%2Fm%2Fshopee-sieu-re%23anchorId-1767016559297:0
[   12606ms] [ERROR] Attestation check for Attribution Reporting on https://www.facebook.com failed. @ https://shopee.vn/buyer/login?fu_tracking_id=650f4b10ad1-5f15-4650-bc4d-7bb192bcbe75&next=https%3A%2F%2Fshopee.vn%2Fm%2Fshopee-sieu-re%23anchorId-1767016559297:0
[   12958ms] [ERROR] Cross-Origin-Opener-Policy policy would block the window.closed call. @ https://accounts.google.com/gsi/client:130
[   12958ms] [ERROR] Cross-Origin-Opener-Policy policy would block the window.closed call. @ https://accounts.google.com/gsi/client:130
[   23167ms] [ERROR] Cross-Origin-Opener-Policy policy would block the window.closed call. @ https://accounts.google.com/gsi/client:130
[   23167ms] [ERROR] Cross-Origin-Opener-Policy policy would block the window.closed call. @ https://accounts.google.com/gsi/client:130
[   35915ms] [ERROR] Cross-Origin-Opener-Policy policy would block the window.closed call. @ https://accounts.google.com/gsi/client:130
[   35915ms] [ERROR] Cross-Origin-Opener-Policy policy would block the window.closed call. @ https://accounts.google.com/gsi/client:130
[   37438ms] [ERROR] Cross-Origin-Opener-Policy policy would block the window.closed call. @ https://accounts.google.com/gsi/client:130
[   37438ms] [ERROR] Cross-Origin-Opener-Policy policy would block the window.closed call. @ https://accounts.google.com/gsi/client:130
[   39111ms] [ERROR] [APMS] Exception caught but not sampled to send to APMS {js_error_type: custom, js_error_level: error, js_error_name: TypeError, js_error_message: Failed to fetch, js_error_stack: at window.fetch (https://deo.shopeemobile.com/shop…gtag/js?id=G-4GPP1ZXG63&cx=c&gtm=4e63a1h1:985:417} @ https://deo.shopeemobile.com/shopee/shopee-pcmall-live-sg/assets/entry-modules.a18ad5c937301567.2023.js:54
[   39112ms] [ERROR] [APMS] Exception caught but not sampled to send to APMS {js_error_type: custom, js_error_level: error, js_error_name: TypeError, js_error_message: Failed to fetch, js_error_stack: at window.fetch (https://deo.shopeemobile.com/shop…/amd/@shopee/tracking-core@9a407ad.min.js:1:26126} @ https://deo.shopeemobile.com/shopee/shopee-pcmall-live-sg/assets/entry-modules.a18ad5c937301567.2023.js:54
[   39623ms] [WARNING] Canvas2D: Multiple readback operations using getImageData are faster with the willReadFrequently attribute set to true. See: https://html.spec.whatwg.org/multipage/canvas.html#concept-canvas-will-read-frequently @ https://deo.shopeemobile.com/shopee/shopee-pcmall-live-sg/assets/sws.418acb9f384af34c.2023.js:13
[   39625ms] [WARNING] Canvas2D: Multiple readback operations using getImageData are faster with the willReadFrequently attribute set to true. See: https://html.spec.whatwg.org/multipage/canvas.html#concept-canvas-will-read-frequently @ https://deo.shopeemobile.com/shopee/shopee-pcmall-live-sg/assets/sws.418acb9f384af34c.2023.js:13
[   39628ms] [WARNING] Canvas2D: Multiple readback operations using getImageData are faster with the willReadFrequently attribute set to true. See: https://html.spec.whatwg.org/multipage/canvas.html#concept-canvas-will-read-frequently @ https://deo.shopeemobile.com/shopee/shopee-pcmall-live-sg/assets/sws.418acb9f384af34c.2023.js:13
[   39652ms] [ERROR] Failed to load resource: the server responded with a status of 404 () @ https://deo.shopeemobile.com/shopee/stm-sg-live/shopee-pcmall-live-sg/vi.col108.json:0
[   39652ms] [ERROR] Failed to load resource: the server responded with a status of 404 () @ https://deo.shopeemobile.com/shopee/stm-sg-live/shopee-pcmall-live-sg/vi.col102.json:0
[   39662ms] [ERROR] Attestation check for Attribution Reporting on https://www.facebook.com failed. @ https://shopee.vn/m/shopee-sieu-re?is_from_login=true#anchorId-1767016559297:0
[   40107ms] [WARNING] [Meta Pixel] - Duplicate Pixel ID: 1457130904612161. @ https://deo.shopeemobile.com/shopee/shopee-pcmall-live-sg/assets/entry-modules.a18ad5c937301567.2023.js:54
[   41860ms] [ERROR] Error: <svg> attribute preserveAspectRatio: Unrecognized enumerated value, "meet". @ https://deo.shopeemobile.com/shopee/modules-federation/live/0/react-dom/18.3.1.js:0
[   41969ms] [ERROR] Error: <svg> attribute preserveAspectRatio: Unrecognized enumerated value, "meet". @ https://deo.shopeemobile.com/shopee/modules-federation/live/0/react-dom/18.3.1.js:0
