[GET] https://deo.shopeemobile.com/shopee/stm-sg-live/shopee-pcmall-live-sg/vi.col179.1770720055.json => [200] 
[POST] https://www.google.com/ccm/collect?frm=0&ae=g&en=page_view&dl=https%3A%2F%2Fshopee.vn%2Fm%2Fshopee-sieu-re&scrsrc=www.googletagmanager.com&rnd=90075878.1773308145&auid=2028075956.1773308145&navt=n&npa=0&ep.ads_data_redaction=0&gtm=45He63b0h2v77691473za200zd77691473xea&gcs=G1--&gcd=13l3l3l3l5l1&dma=0&tag_exp=103116026~103200004~115938465~115938468~116024733~117484252~117625640&apve=1&apvf=f&apvc=1&tft=1773308145228&tfd=710 => [200] 
[GET] https://shopee.vn/api/v4/platform/get_ft_v2?compress=true => [200] 
[GET] https://shopee.vn/api/v4/account/basic/get_account_info => [200] 
[POST] https://www.google.com/ccm/collect?frm=0&ae=g&en=page_view&dl=https%3A%2F%2Fshopee.vn%2Fm%2Fshopee-sieu-re&scrsrc=www.googletagmanager.com&rnd=90075878.1773308145&auid=2028075956.1773308145&navt=n&npa=0&ep.ads_data_redaction=0&gtm=45He63b0h2v77691473za200zd77691473xea&gcs=G1--&gcd=13l3l3l3l5l1&dma=0&tag_exp=103116026~103200004~115938465~115938468~116024733~117484252~117625640&apve=1&apvf=f&apvc=1&tft=1773308145228&tfd=710 => [200] 
[GET] https://deo.shopeemobile.com/shopee/stm-sg-live/62596/asset-VN-live.2a4b30bda32d238b41e7372504b99bb6.json => [200] 
[GET] https://deo.shopeemobile.com/shopee/stm-sg-live/shopee-pcmall-live-sg/vi.col722.1768974366.json => [200] 
[GET] https://shopee.vn/api/v4/account/basic/get_payment_info => [200] 
[POST] https://shopee.vn/api/v4/account/report_client_info => [200] 
[POST] https://shopee.vn/api/v4/abtest/traffic/get_web_experiments => [200] 
[GET] https://deo.shopeemobile.com/shopee/stm-sg-live/shopee-pcmall-live-sg/vi.col108.json => [404] 
[GET] https://deo.shopeemobile.com/shopee/stm-sg-live/shopee-pcmall-live-sg/vi.col102.json => [404] 
[GET] https://deo.shopeemobile.com/shopee/stm-sg-live/shopee-pcmall-live-sg/vi.col35.1772185659.json => [200] 
[GET] https://deo.shopeemobile.com/shopee/stm-sg-live/shopee-pcmall-live-sg/vi.col159.1755192911.json => [200] 
[GET] https://deo.shopeemobile.com/shopee/stm-sg-live/shopee-pcmall-live-sg/vi.col102.json => [404] 
[GET] https://content.garena.com/shopee/track_config/split_by_market_config.json => [200] 
[GET] https://deo.shopeemobile.com/shopee/stm-sg-live/shopee-pcmall-live-sg/vi.col37.1770708703.json => [200] 
[GET] https://deo.shopeemobile.com/shopee/stm-sg-live/shopee-pcmall-live-sg/vi.col41.1759308221.json => [200] 
[GET] https://deo.shopeemobile.com/shopee/stm-sg-live/shopee-pcmall-live-sg/vi.col34.1755192885.json => [200] 
[GET] https://shopee.vn/api/v4/pagebuilder/get_csr_page?page_url=shopee-sieu-re&platform=4&timestamp=0 => [200] 
[GET] https://deo.shopeemobile.com/shopee/stm-sg-live/shopee-pcmall-live-sg/vi.col108.json => [404] 
[POST] https://ubta.tracking.shopee.vn/v4/event_batch => [200] 
[POST] https://ubta.tracking.shopee.vn/v4/event_batch => [200] 
[GET] https://deo.shopeemobile.com/shopee/stm-sg-live/shopee-pcmall-live-sg/vi.col22.1755192883.json => [200] 
[GET] https://deo.shopeemobile.com/shopee/stm-sg-live/shopee-pcmall-live-sg/vi.col60.1755192897.json => [200] 
[GET] https://deo.shopeemobile.com/shopee/stm-sg-live/shopee-pcmall-live-sg/vi.col134.1759195787.json => [200] 
[GET] https://deo.shopeemobile.com/shopee/stm-sg-live/shopee-pcmall-live-sg/vi.col115.1755192903.json => [200] 
[POST] https://www.google.com/measurement/conversion?random=1773308147789&cv=11&tid=G-4GPP1ZXG63&fst=1773308147789&fmt=8&en=session_start&gtm=45je63b0h2v9116291019z877691473za20gzb77691473zd77691473xec&gcs=G1--&gcd=13l3l3l3l5l1&dma=0&tag_exp=103116026~103200004~115938465~115938468~116024733~117484252&u_w=1280&u_h=720&url=https%3A%2F%2Fshopee.vn%2Fm%2Fshopee-sieu-re&gacid=267978440.1773308148&frm=0&tiba=Shopee%20Si%C3%AAu%20R%E1%BA%BB%20%7C%20S%C4%83n%20Deal%20%C4%90%E1%BB%93ng%20Gi%C3%A1%20T%E1%BB%AB%201.000%C4%90%20%7C%20Shopee%20Vi%E1%BB%87t%20Nam&npa=0&pscdl=noapi&auid=2028075956.1773308145&uaa=x86&uab=64&uafvl=Not%253AA-Brand%3B99.0.0.0%7CGoogle%2520Chrome%3B145.0.7632.160%7CChromium%3B145.0.7632.160&uamb=0&uam=&uap=Windows&uapv=10.0.0&uaw=0 => [302] 
[POST] https://analytics.google.com/g/collect?v=2&tid=G-4GPP1ZXG63&gtm=45je63b0h2v9116291019z877691473za20gzb77691473zd77691473&_p=1773308144801&_gaz=1&gcs=G1--&gcd=13l3l3l3l5l1&npa=0&dma=0&cid=267978440.1773308148&ecid=676163608&ul=en-us&sr=1280x720&uaa=x86&uab=64&uafvl=Not%253AA-Brand%3B99.0.0.0%7CGoogle%2520Chrome%3B145.0.7632.160%7CChromium%3B145.0.7632.160&uamb=0&uam=&uap=Windows&uapv=10.0.0&uaw=0&are=1&frm=0&pscdl=noapi&_prs=ok&_eu=AAAAAGA&_s=1&tag_exp=103116026~103200004~115938465~115938468~116024733~117484252&dl=https%3A%2F%2Fshopee.vn%2Fm%2Fshopee-sieu-re&sid=1773308147&sct=1&seg=0&dt=Shopee%20Si%C3%AAu%20R%E1%BA%BB%20%7C%20S%C4%83n%20Deal%20%C4%90%E1%BB%93ng%20Gi%C3%A1%20T%E1%BB%AB%201.000%C4%90%20%7C%20Shopee%20Vi%E1%BB%87t%20Nam&en=page_view&_fv=1&_nsi=1&_ss=2&ep.useAmpClientId=true&ep.location=https%3A%2F%2Fshopee.vn%2Fm%2Fshopee-sieu-re&ep.page=%2Fm%2Fshopee-sieu-re&ep.content_group=Microsite&ep.ai_overview_text=undefined&tfd=3289 => [204] 
[GET] https://deo.shopeemobile.com/shopee/stm-sg-live/shopee-pcmall-live-sg/vi.col58.1771902868.json => [200] 
[GET] https://deo.shopeemobile.com/shopee/stm-sg-live/shopee-pcmall-live-sg/vi.col71.1767773524.json => [200] 
[POST] https://ampcid.google.com/v1/publisher:getClientId?key=AIzaSyA65lEHUEizIsNtlbNo-l2K18dT680nsaM => [200] 
[GET] https://shopee.vn/api/v4/collection/get_items?card_set_name=Microsite%20ATC%20Card&collection_id=1170897&limit=10&need_customised_item_card=true&offset=0&show_collection_info=true&source=1 => [200] 
[GET] https://shopee.vn/api/v4/collection/get_items?card_set_name=Microsite%20ATC%20Card&collection_id=1745388&limit=10&need_customised_item_card=true&offset=0&show_collection_info=true&source=1 => [200] 
[GET] https://shopee.vn/api/v4/collection/get_items?card_set_name=Microsite%20ATC%20Card&collection_id=4065752&limit=10&need_customised_item_card=true&offset=0&show_collection_info=true&source=1 => [200] 
[GET] https://shopee.vn/api/v4/collection/get_items?card_set_name=Microsite%20ATC%20Card&collection_id=8296240&limit=10&need_customised_item_card=true&offset=0&show_collection_info=true&source=1 => [200] 
[POST] https://ad.doubleclick.net/activity;src=9526557;type=eng;cat=vn-w-pg;ord=236913464991;npa=0;auiddc=2028075956.1773308145;u28=%2Fm%2Fshopee-sieu-re;u29=Shopee%20Si%C3%AAu%20R%E1%BA%BB%20%7C%20S%C4%83n%20Deal%20%C4%90%E1%BB%93ng%20Gi%C3%A1%20T%E1%BB%AB%201.000%C4%90%20%7C%20Shopee%20Vi%E1%BB%87t%20Nam;uaa=x86;uab=64;uafvl=Not%253AA-Brand%3B99.0.0.0%7CGoogle%2520Chrome%3B145.0.7632.160%7CChromium%3B145.0.7632.160;uamb=0;uam=;uap=Windows;uapv=10.0.0;uaw=0;pscdl=noapi;frm=0;_tu=KFA;gtm=45fe63b0h2v9190637462z877691473za20gzb77691473zd77691473xea;gcs=G1--;gcd=13l3l3l3l5l1;dma=0;dc_fmt=3;tag_exp=103116026~103200004~115616985~115938465~115938469~116024733~117484252;epver=2;dc_random=1773308148_W7KchF6w0My-l0-8xESujNZcUWssI2g0Ww;~oref=https%3A%2F%2Fshopee.vn%2Fm%2Fshopee-sieu-re? => [302] 
[GET] https://www.google.com/measurement/1p-conversion/?random=1748353083&cv=11&tid=G-4GPP1ZXG63&fst=1773308147789&fmt=8&en=session_start&gtm=45je63b0h2v9116291019z877691473za20gzb77691473zd77691473xec&gcs=G1--&gcd=13l3l3l3l5l1&dma=0&tag_exp=103116026~103200004~115938465~115938468~116024733~117484252&u_w=1280&u_h=720&url=https%3A%2F%2Fshopee.vn%2Fm%2Fshopee-sieu-re&gacid=267978440.1773308148&frm=0&tiba=Shopee%20Si%C3%AAu%20R%E1%BA%BB%20%7C%20S%C4%83n%20Deal%20%C4%90%E1%BB%93ng%20Gi%C3%A1%20T%E1%BB%AB%201.000%C4%90%20%7C%20Shopee%20Vi%E1%BB%87t%20Nam&npa=0&pscdl=noapi&auid=2028075956.1773308145&uaa=x86&uab=64&uafvl=Not%253AA-Brand%3B99.0.0.0%7CGoogle%2520Chrome%3B145.0.7632.160%7CChromium%3B145.0.7632.160&uamb=0&uam=&uap=Windows&uapv=10.0.0&uaw=0&ct_cookie_present=false&crd=CLTesQIIobixAgixwbECCLDBsQIIscOxAgiKxbECCMLJsQIItMaxAgiT2rECCNvcsQIIh9uxAgjTxbECCOvMsQII7c6xAgjVz7ECCPTasQIIl9SxAgjJ27ECCLHhsQIIs-GxAgiw3rEC&fsk=ChAI8MjJzQYQjKjbkLGMx9Y9EiwAxO74vVM_LkvWnDlWI0mNPBuN8V36qPNqpeDXfwjP6EF9tRycwBaIr3R9MRoCL08&pscrd=IhMI2Omg0oeakwMViNMWBR2JnCzlMgwIA2IICAAQABgAIAAyDAgEYggIABAAGAAgADIMCAdiCAgAEAAYACAAMgwICGIICAAQABgAIAAyDAgJYggIABAAGAAgADIMCApiCAgAEAAYACAAMgwIAmIICAAQABgAIAAyDAgLYggIABAAGAAgADIMCBViCAgAEAAYACAAMgwIH2IICAAQABgAIAAyDAgTYggIABAAGAAgADIMCBJiCAgAEAAYACAAOhJodHRwczovL3Nob3BlZS52bi9CWENoRUk4TWpKelFZUWhZWFR6Y3Jmc19LUEFSSXRBTmI5UUpkeTY2dXprdlBWbnRFdFlLSG8xSzE2S0hJb3RWbXJpWHRCX0owSW01cHp2TTllc1NzQXg2N0F6DAgJYggIABAAGAAgAA => [200] 
[POST] https://ampcid.google.com.vn/v1/publisher:getClientId?key=AIzaSyA65lEHUEizIsNtlbNo-l2K18dT680nsaM => [200] 
[POST] https://shopee.vn/api/v1/microsite/get_vouchers_by_collections => [200] 
[POST] https://analytics.google.com/g/collect?v=2&tid=G-4GPP1ZXG63&gtm=45je63b0h2v9116291019z877691473za20gzb77691473zd77691473&_p=1773308144801&_gaz=1&gcs=G1--&gcd=13l3l3l3l5l1&npa=0&dma=0&cid=267978440.1773308148&ecid=676163608&ul=en-us&sr=1280x720&uaa=x86&uab=64&uafvl=Not%253AA-Brand%3B99.0.0.0%7CGoogle%2520Chrome%3B145.0.7632.160%7CChromium%3B145.0.7632.160&uamb=0&uam=&uap=Windows&uapv=10.0.0&uaw=0&are=1&frm=0&pscdl=noapi&_prs=ok&_eu=AAAAAGA&_s=1&tag_exp=103116026~103200004~115938465~115938468~116024733~117484252&dl=https%3A%2F%2Fshopee.vn%2Fm%2Fshopee-sieu-re&sid=1773308147&sct=1&seg=0&dt=Shopee%20Si%C3%AAu%20R%E1%BA%BB%20%7C%20S%C4%83n%20Deal%20%C4%90%E1%BB%93ng%20Gi%C3%A1%20T%E1%BB%AB%201.000%C4%90%20%7C%20Shopee%20Vi%E1%BB%87t%20Nam&en=page_view&_fv=1&_nsi=1&_ss=2&ep.useAmpClientId=true&ep.location=https%3A%2F%2Fshopee.vn%2Fm%2Fshopee-sieu-re&ep.page=%2Fm%2Fshopee-sieu-re&ep.content_group=Microsite&ep.ai_overview_text=undefined&tfd=3289 => [204] 
[GET] https://www.google.com/measurement/1p-conversion/?random=1748353083&cv=11&tid=G-4GPP1ZXG63&fst=1773308147789&fmt=8&en=session_start&gtm=45je63b0h2v9116291019z877691473za20gzb77691473zd77691473xec&gcs=G1--&gcd=13l3l3l3l5l1&dma=0&tag_exp=103116026~103200004~115938465~115938468~116024733~117484252&u_w=1280&u_h=720&url=https%3A%2F%2Fshopee.vn%2Fm%2Fshopee-sieu-re&gacid=267978440.1773308148&frm=0&tiba=Shopee%20Si%C3%AAu%20R%E1%BA%BB%20%7C%20S%C4%83n%20Deal%20%C4%90%E1%BB%93ng%20Gi%C3%A1%20T%E1%BB%AB%201.000%C4%90%20%7C%20Shopee%20Vi%E1%BB%87t%20Nam&npa=0&pscdl=noapi&auid=2028075956.1773308145&uaa=x86&uab=64&uafvl=Not%253AA-Brand%3B99.0.0.0%7CGoogle%2520Chrome%3B145.0.7632.160%7CChromium%3B145.0.7632.160&uamb=0&uam=&uap=Windows&uapv=10.0.0&uaw=0&ct_cookie_present=false&crd=CLTesQIIobixAgixwbECCLDBsQIIscOxAgiKxbECCMLJsQIItMaxAgiT2rECCNvcsQIIh9uxAgjTxbECCOvMsQII7c6xAgjVz7ECCPTasQIIl9SxAgjJ27ECCLHhsQIIs-GxAgiw3rEC&fsk=ChAI8MjJzQYQjKjbkLGMx9Y9EiwAxO74vVM_LkvWnDlWI0mNPBuN8V36qPNqpeDXfwjP6EF9tRycwBaIr3R9MRoCL08&pscrd=IhMI2Omg0oeakwMViNMWBR2JnCzlMgwIA2IICAAQABgAIAAyDAgEYggIABAAGAAgADIMCAdiCAgAEAAYACAAMgwICGIICAAQABgAIAAyDAgJYggIABAAGAAgADIMCApiCAgAEAAYACAAMgwIAmIICAAQABgAIAAyDAgLYggIABAAGAAgADIMCBViCAgAEAAYACAAMgwIH2IICAAQABgAIAAyDAgTYggIABAAGAAgADIMCBJiCAgAEAAYACAAOhJodHRwczovL3Nob3BlZS52bi9CWENoRUk4TWpKelFZUWhZWFR6Y3Jmc19LUEFSSXRBTmI5UUpkeTY2dXprdlBWbnRFdFlLSG8xSzE2S0hJb3RWbXJpWHRCX0owSW01cHp2TTllc1NzQXg2N0F6DAgJYggIABAAGAAgAA => [200] 
[GET] https://deo.shopeemobile.com/shopee/stm-sg-live/47234/asset-VN-live.2e7b01f75496ff114cfa725ee3d659d5.json => [200] 
[GET] https://deo.shopeemobile.com/shopee/stm-sg-live/47234/asset-VN-live.2e7b01f75496ff114cfa725ee3d659d5.json => [200] 
[GET] https://shopee.vn/api/v4/search/search_prefills => [200] 
[GET] https://shopee.vn/api/v4/search/search_suggestion?bundle=popsearch&limit=8&offset=0 => [200] 
[POST] https://www.google-analytics.com/j/collect?v=1&_v=j102&a=200367615&t=pageview&_s=1&dl=https%3A%2F%2Fshopee.vn%2Fm%2Fshopee-sieu-re&dp=%2Fm%2Fshopee-sieu-re&ul=en-us&dt=Shopee%20Si%C3%AAu%20R%E1%BA%BB%20%7C%20S%C4%83n%20Deal%20%C4%90%E1%BB%93ng%20Gi%C3%A1%20T%E1%BB%AB%201.000%C4%90%20%7C%20Shopee%20Vi%E1%BB%87t%20Nam&sr=1280x720&vp=1280x720&_u=aCDAgEAjAAQCACgCI~&jid=1560472277&gjid=1856433797&cid=267978440.1773308148&tid=UA-61914164-6&_gid=1084455273.1773308148&_slc=1&gtm=45He63b0h2n81WJZQSJFv77691473za200zd77691473&cg1=PageMicroSite&cg2=Microsite&gcs=G1--&gcd=13l3l3l3l5l1&dma=0&tag_exp=103116026~103200004~115938465~115938468~116024733~117484252~117625640&z=1090283569 => [200] 
[POST] https://stats.g.doubleclick.net/j/collect?t=dc&aip=1&_r=3&v=1&_v=j102&tid=UA-61914164-6&cid=267978440.1773308148&jid=1560472277&gjid=1856433797&_gid=1084455273.1773308148&_u=aCDAgEAjAAQCAGgCI~&z=609330200 => [200] 
[GET] https://deo.shopeemobile.com/shopee/stm-sg-live/47234/asset-VN-live.2e7b01f75496ff114cfa725ee3d659d5.json => [200] 
[GET] https://ad.doubleclick.net/activity;dc_pre=CPj-ttKHmpMDFRbMFgUdt5gc8A;src=9526557;type=eng;cat=vn-w-pg;ord=236913464991;npa=0;auiddc=2028075956.1773308145;u28=%2Fm%2Fshopee-sieu-re;u29=Shopee%20Si%C3%AAu%20R%E1%BA%BB%20%7C%20S%C4%83n%20Deal%20%C4%90%E1%BB%93ng%20Gi%C3%A1%20T%E1%BB%AB%201.000%C4%90%20%7C%20Shopee%20Vi%E1%BB%87t%20Nam;uaa=x86;uab=64;uafvl=Not%253AA-Brand%3B99.0.0.0%7CGoogle%2520Chrome%3B145.0.7632.160%7CChromium%3B145.0.7632.160;uamb=0;uam=;uap=Windows;uapv=10.0.0;uaw=0;pscdl=noapi;frm=0;_tu=KFA;gtm=45fe63b0h2v9190637462z877691473za20gzb77691473zd77691473xea;gcs=G1--;gcd=13l3l3l3l5l1;dma=0;dc_fmt=3;tag_exp=103116026~103200004~115616985~115938465~115938469~116024733~117484252;epver=2;dc_random=1773308148_W7KchF6w0My-l0-8xESujNZcUWssI2g0Ww;~oref=https%3A%2F%2Fshopee.vn%2Fm%2Fshopee-sieu-re? => [200] 
[POST] https://ubta.tracking.shopee.vn/v4/event_batch => [200] 
[POST] https://ubta.tracking.shopee.vn/v4/event_batch => [200] 
[GET] https://deo.shopeemobile.com/shopee/stm-sg-live/shopee-pcmall-live-sg/vi.col435.1755192931.json => [200] 
[POST] https://ubta.tracking.shopee.vn/v4/event_batch => [200] 
[POST] https://ubta.tracking.shopee.vn/v4/event_batch => [200] 
[POST] https://df.infra.sz.shopee.vn/v2/shpsec/web/report => [200] 
[POST] https://analytics.google.com/g/collect?v=2&tid=G-4GPP1ZXG63&gtm=45je63b0h2v9116291019za20gzb77691473zd77691473&_p=1773308144801&gcs=G1--&gcd=13l3l3l3l5l1&npa=0&dma=0&cid=267978440.1773308148&ecid=676163608&ul=en-us&sr=1280x720&uaa=x86&uab=64&uafvl=Not%253AA-Brand%3B99.0.0.0%7CGoogle%2520Chrome%3B145.0.7632.160%7CChromium%3B145.0.7632.160&uamb=0&uam=&uap=Windows&uapv=10.0.0&uaw=0&are=1&frm=0&pscdl=noapi&_eu=AEAAAGQ&_s=2&tag_exp=103116026~103200004~115938465~115938468~116024733~117484252&dl=https%3A%2F%2Fshopee.vn%2Fverify%2Ftraffic%2Ferror%3Fhome_url%3Dhttps%253A%252F%252Fshopee.vn%26is_logged_in%3Dfalse%26tracking_id%3D841433e9d5c-0de0-442c-a08e-b6e673227584&dr=https%3A%2F%2Fshopee.vn%2Fm%2Fshopee-sieu-re&sid=1773308147&sct=1&seg=1&dt=Shopee%20Si%C3%AAu%20R%E1%BA%BB%20%7C%20S%C4%83n%20Deal%20%C4%90%E1%BB%93ng%20Gi%C3%A1%20T%E1%BB%AB%201.000%C4%90%20%7C%20Shopee%20Vi%E1%BB%87t%20Nam&_tu=KA&en=page_view&ep.useAmpClientId=true&ep.location=https%3A%2F%2Fshopee.vn%2Fm%2Fshopee-sieu-re&ep.page=%2Fm%2Fshopee-sieu-re&ep.content_group=Microsite&ep.ai_overview_text=undefined&_et=1338&tfd=9639 => [204] 
[POST] https://analytics.google.com/g/collect?v=2&tid=G-4GPP1ZXG63&gtm=45je63b0h2v9116291019za20gzb77691473zd77691473&_p=1773308144801&gcs=G1--&gcd=13l3l3l3l5l1&npa=0&dma=0&cid=267978440.1773308148&ecid=676163608&ul=en-us&sr=1280x720&uaa=x86&uab=64&uafvl=Not%253AA-Brand%3B99.0.0.0%7CGoogle%2520Chrome%3B145.0.7632.160%7CChromium%3B145.0.7632.160&uamb=0&uam=&uap=Windows&uapv=10.0.0&uaw=0&are=1&frm=0&pscdl=noapi&_eu=AEAAAGQ&_s=2&tag_exp=103116026~103200004~115938465~115938468~116024733~117484252&dl=https%3A%2F%2Fshopee.vn%2Fverify%2Ftraffic%2Ferror%3Fhome_url%3Dhttps%253A%252F%252Fshopee.vn%26is_logged_in%3Dfalse%26tracking_id%3D841433e9d5c-0de0-442c-a08e-b6e673227584&dr=https%3A%2F%2Fshopee.vn%2Fm%2Fshopee-sieu-re&sid=1773308147&sct=1&seg=1&dt=Shopee%20Si%C3%AAu%20R%E1%BA%BB%20%7C%20S%C4%83n%20Deal%20%C4%90%E1%BB%93ng%20Gi%C3%A1%20T%E1%BB%AB%201.000%C4%90%20%7C%20Shopee%20Vi%E1%BB%87t%20Nam&_tu=KA&en=page_view&ep.useAmpClientId=true&ep.location=https%3A%2F%2Fshopee.vn%2Fm%2Fshopee-sieu-re&ep.page=%2Fm%2Fshopee-sieu-re&ep.content_group=Microsite&ep.ai_overview_text=undefined&_et=1338&tfd=9639 => [204] 
[POST] https://ubt.tracking.shopee.vn/v4/event_batch => [200] 