[GET] https://deo.shopeemobile.com/shopee/stm-sg-live/shopee-pcmall-live-sg/vi.col179.1770720055.json => [200] 
[POST] https://www.google.com/ccm/collect?frm=0&ae=g&en=page_view&dl=https%3A%2F%2Fshopee.vn%2Fm%2Fshopee-sieu-re&scrsrc=www.googletagmanager.com&rnd=1071845541.1773307533&auid=1727987669.1773307533&navt=n&npa=0&ep.ads_data_redaction=0&gtm=45He63a1v77691473za200zd77691473xea&gcs=G1--&gcd=13l3l3l3l5l1&dma=0&tag_exp=103116026~103200004~115616985~115938466~115938469~116024733~117484252&apve=1&apvf=f&apvc=1&tft=1773307533405&tfd=721 => [200] 
[GET] https://deo.shopeemobile.com/shopee/stm-sg-live/shopee-pcmall-live-sg/vi.col722.1768974366.json => [200] 
[POST] https://www.google.com/ccm/collect?frm=0&ae=g&en=page_view&dl=https%3A%2F%2Fshopee.vn%2Fm%2Fshopee-sieu-re&scrsrc=www.googletagmanager.com&rnd=1071845541.1773307533&auid=1727987669.1773307533&navt=n&npa=0&ep.ads_data_redaction=0&gtm=45He63a1v77691473za200zd77691473xea&gcs=G1--&gcd=13l3l3l3l5l1&dma=0&tag_exp=103116026~103200004~115616985~115938466~115938469~116024733~117484252&apve=1&apvf=f&apvc=1&tft=1773307533405&tfd=721 => [200] 
[GET] https://deo.shopeemobile.com/shopee/stm-sg-live/shopee-pcmall-live-sg/vi.col108.json => [404] 
[GET] https://deo.shopeemobile.com/shopee/stm-sg-live/shopee-pcmall-live-sg/vi.col102.json => [404] 
[GET] https://deo.shopeemobile.com/shopee/stm-sg-live/shopee-pcmall-live-sg/vi.col35.1772185659.json => [200] 
[GET] https://deo.shopeemobile.com/shopee/stm-sg-live/shopee-pcmall-live-sg/vi.col108.json => [404] 
[GET] https://deo.shopeemobile.com/shopee/stm-sg-live/shopee-pcmall-live-sg/vi.col102.json => [404] 
[GET] https://deo.shopeemobile.com/shopee/stm-sg-live/shopee-pcmall-live-sg/vi.col159.1755192911.json => [200] 
[GET] https://content.garena.com/shopee/track_config/split_by_market_config.json => [200] 
[GET] https://shopee.vn/api/v4/account/basic/get_payment_info => [200] 
[POST] https://shopee.vn/api/v4/abtest/traffic/get_web_experiments => [200] 
[GET] https://deo.shopeemobile.com/shopee/stm-sg-live/shopee-pcmall-live-sg/vi.col37.1770708703.json => [200] 
[GET] https://deo.shopeemobile.com/shopee/stm-sg-live/shopee-pcmall-live-sg/vi.col41.1759308221.json => [200] 
[GET] https://deo.shopeemobile.com/shopee/stm-sg-live/shopee-pcmall-live-sg/vi.col34.1755192885.json => [200] 
[GET] https://shopee.vn/api/v4/pagebuilder/get_csr_page?page_url=shopee-sieu-re&platform=4&timestamp=0 => [200] 
[POST] https://ubta.tracking.shopee.vn/v4/event_batch => [200] 
[POST] https://ubta.tracking.shopee.vn/v4/event_batch => [200] 
[GET] https://deo.shopeemobile.com/shopee/stm-sg-live/shopee-pcmall-live-sg/vi.col22.1755192883.json => [200] 
[GET] https://deo.shopeemobile.com/shopee/stm-sg-live/shopee-pcmall-live-sg/vi.col60.1755192897.json => [200] 
[GET] https://deo.shopeemobile.com/shopee/stm-sg-live/shopee-pcmall-live-sg/vi.col134.1759195787.json => [200] 
[POST] https://shopee.vn/api/v4/account/report_client_info => [200] 
[GET] https://deo.shopeemobile.com/shopee/stm-sg-live/shopee-pcmall-live-sg/vi.col115.1755192903.json => [200] 
[POST] https://www.google.com/measurement/conversion?random=1773307535678&cv=11&tid=G-4GPP1ZXG63&fst=1773307535678&fmt=8&en=session_start&gtm=45je63a1v9116291019z877691473za20gzb77691473zd77691473xec&gcs=G1--&gcd=13l3l3l3l5l1&dma=0&tag_exp=103116026~103200004~115938466~115938468~116024733~117484252&u_w=3414&u_h=1440&url=https%3A%2F%2Fshopee.vn%2Fm%2Fshopee-sieu-re&gacid=600429750.1773307536&frm=0&tiba=Shopee%20Si%C3%AAu%20R%E1%BA%BB%20%7C%20S%C4%83n%20Deal%20%C4%90%E1%BB%93ng%20Gi%C3%A1%20T%E1%BB%AB%201.000%C4%90%20%7C%20Shopee%20Vi%E1%BB%87t%20Nam&npa=0&pscdl=noapi&auid=1727987669.1773307533&uaa=x86&uab=64&uafvl=Not%253AA-Brand%3B99.0.0.0%7CGoogle%2520Chrome%3B145.0.7632.160%7CChromium%3B145.0.7632.160&uamb=0&uam=&uap=Windows&uapv=10.0.0&uaw=0 => [302] 
[POST] https://analytics.google.com/g/collect?v=2&tid=G-4GPP1ZXG63&gtm=45je63a1v9116291019z877691473za20gzb77691473zd77691473&_p=1773307532973&_gaz=1&gcs=G1--&gcd=13l3l3l3l5l1&npa=0&dma=0&cid=600429750.1773307536&ecid=1891744438&ul=en-us&sr=3414x1440&uaa=x86&uab=64&uafvl=Not%253AA-Brand%3B99.0.0.0%7CGoogle%2520Chrome%3B145.0.7632.160%7CChromium%3B145.0.7632.160&uamb=0&uam=&uap=Windows&uapv=10.0.0&uaw=0&are=1&frm=0&pscdl=noapi&_prs=ok&_eu=AAAAAGA&_s=1&tag_exp=103116026~103200004~115938466~115938468~116024733~117484252&dl=https%3A%2F%2Fshopee.vn%2Fm%2Fshopee-sieu-re&sid=1773307535&sct=1&seg=0&dt=Shopee%20Si%C3%AAu%20R%E1%BA%BB%20%7C%20S%C4%83n%20Deal%20%C4%90%E1%BB%93ng%20Gi%C3%A1%20T%E1%BB%AB%201.000%C4%90%20%7C%20Shopee%20Vi%E1%BB%87t%20Nam&en=page_view&_fv=1&_nsi=1&_ss=2&ep.useAmpClientId=true&ep.location=https%3A%2F%2Fshopee.vn%2Fm%2Fshopee-sieu-re&ep.page=%2Fm%2Fshopee-sieu-re&ep.content_group=Microsite&ep.ai_overview_text=undefined&tfd=3012 => [204] 
[GET] https://deo.shopeemobile.com/shopee/stm-sg-live/shopee-pcmall-live-sg/vi.col58.1771902868.json => [200] 
[GET] https://deo.shopeemobile.com/shopee/stm-sg-live/shopee-pcmall-live-sg/vi.col71.1767773524.json => [200] 
[POST] https://ampcid.google.com/v1/publisher:getClientId?key=AIzaSyA65lEHUEizIsNtlbNo-l2K18dT680nsaM => [200] 
[GET] https://shopee.vn/api/v4/collection/get_items?card_set_name=Microsite%20ATC%20Card&collection_id=1170897&limit=10&need_customised_item_card=true&offset=0&show_collection_info=true&source=1 => [200] 
[GET] https://shopee.vn/api/v4/collection/get_items?card_set_name=Microsite%20ATC%20Card&collection_id=1745388&limit=10&need_customised_item_card=true&offset=0&show_collection_info=true&source=1 => [200] 
[GET] https://shopee.vn/api/v4/collection/get_items?card_set_name=Microsite%20ATC%20Card&collection_id=4065752&limit=10&need_customised_item_card=true&offset=0&show_collection_info=true&source=1 => [200] 
[GET] https://shopee.vn/api/v4/collection/get_items?card_set_name=Microsite%20ATC%20Card&collection_id=8296240&limit=10&need_customised_item_card=true&offset=0&show_collection_info=true&source=1 => [200] 
[GET] https://shopee.vn/api/v4/collection/get_items?card_set_name=Microsite%20ATC%20Card&collection_id=1506170&limit=10&need_customised_item_card=true&offset=0&show_collection_info=true&source=1 => [200] 
[GET] https://shopee.vn/api/v4/collection/get_items?card_set_name=Microsite%20ATC%20Card&collection_id=7329362&limit=10&need_customised_item_card=true&offset=0&show_collection_info=true&source=1 => [200] 
[GET] https://www.google.com/measurement/1p-conversion/?random=1608815820&cv=11&tid=G-4GPP1ZXG63&fst=1773307535678&fmt=8&en=session_start&gtm=45je63a1v9116291019z877691473za20gzb77691473zd77691473xec&gcs=G1--&gcd=13l3l3l3l5l1&dma=0&tag_exp=103116026~103200004~115938466~115938468~116024733~117484252&u_w=3414&u_h=1440&url=https%3A%2F%2Fshopee.vn%2Fm%2Fshopee-sieu-re&gacid=600429750.1773307536&frm=0&tiba=Shopee%20Si%C3%AAu%20R%E1%BA%BB%20%7C%20S%C4%83n%20Deal%20%C4%90%E1%BB%93ng%20Gi%C3%A1%20T%E1%BB%AB%201.000%C4%90%20%7C%20Shopee%20Vi%E1%BB%87t%20Nam&npa=0&pscdl=noapi&auid=1727987669.1773307533&uaa=x86&uab=64&uafvl=Not%253AA-Brand%3B99.0.0.0%7CGoogle%2520Chrome%3B145.0.7632.160%7CChromium%3B145.0.7632.160&uamb=0&uam=&uap=Windows&uapv=10.0.0&uaw=0&ct_cookie_present=false&crd=CLTesQIIobixAgixwbECCLDBsQIIscOxAgiKxbECCMLJsQIItMaxAgiT2rECCNvcsQIIh9uxAgjTxbECCOvMsQII7c6xAgjVz7ECCPTasQIIl9SxAgjJ27ECCLHhsQIIs-GxAgiw3rECCIDbsQI&fsk=ChAI8MjJzQYQjKjbkLGMx9Y9EiwAxO74vWmWGDyj7P9P98nu8taMUSwszK7tIVlsIwBtrE7VBZYAU2dOpOD7ORoC1i0&pscrd=IhMI6_yvroWakwMVs4e5BR02jSxGMgwIA2IICAAQABgAIAAyDAgEYggIABAAGAAgADIMCAdiCAgAEAAYACAAMgwICGIICAAQABgAIAAyDAgJYggIABAAGAAgADIMCApiCAgAEAAYACAAMgwIAmIICAAQABgAIAAyDAgLYggIABAAGAAgADIMCBViCAgAEAAYACAAMgwIH2IICAAQABgAIAAyDAgTYggIABAAGAAgADIMCBJiCAgAEAAYACAAOhJodHRwczovL3Nob3BlZS52bi9CWENoRUk4TWpKelFZUWhZWFR6Y3Jmc19LUEFSSXRBTmI5UUpmRzZhd093X1kzZnE3X0l6TDIxSjJLQ0tzd09ydEx6VVVIdVJBWm5HaHgyRk1HR0NyTTZvcWF6DAgJYggIABAAGAAgAA => [200] 
[POST] https://ampcid.google.com.vn/v1/publisher:getClientId?key=AIzaSyA65lEHUEizIsNtlbNo-l2K18dT680nsaM => [200] 
[GET] https://shopee.vn/api/v4/pages/get_footer_layout => [200] 
[GET] https://shopee.vn/api/v4/search/search_prefills => [200] 
[GET] https://shopee.vn/api/v4/search/search_suggestion?bundle=popsearch&limit=8&offset=0 => [200] 
[POST] https://shopee.vn/api/v1/microsite/get_vouchers_by_collections => [200] 
[POST] https://analytics.google.com/g/collect?v=2&tid=G-4GPP1ZXG63&gtm=45je63a1v9116291019z877691473za20gzb77691473zd77691473&_p=1773307532973&_gaz=1&gcs=G1--&gcd=13l3l3l3l5l1&npa=0&dma=0&cid=600429750.1773307536&ecid=1891744438&ul=en-us&sr=3414x1440&uaa=x86&uab=64&uafvl=Not%253AA-Brand%3B99.0.0.0%7CGoogle%2520Chrome%3B145.0.7632.160%7CChromium%3B145.0.7632.160&uamb=0&uam=&uap=Windows&uapv=10.0.0&uaw=0&are=1&frm=0&pscdl=noapi&_prs=ok&_eu=AAAAAGA&_s=1&tag_exp=103116026~103200004~115938466~115938468~116024733~117484252&dl=https%3A%2F%2Fshopee.vn%2Fm%2Fshopee-sieu-re&sid=1773307535&sct=1&seg=0&dt=Shopee%20Si%C3%AAu%20R%E1%BA%BB%20%7C%20S%C4%83n%20Deal%20%C4%90%E1%BB%93ng%20Gi%C3%A1%20T%E1%BB%AB%201.000%C4%90%20%7C%20Shopee%20Vi%E1%BB%87t%20Nam&en=page_view&_fv=1&_nsi=1&_ss=2&ep.useAmpClientId=true&ep.location=https%3A%2F%2Fshopee.vn%2Fm%2Fshopee-sieu-re&ep.page=%2Fm%2Fshopee-sieu-re&ep.content_group=Microsite&ep.ai_overview_text=undefined&tfd=3012 => [204] 
[POST] https://www.google-analytics.com/j/collect?v=1&_v=j102&a=1177190864&t=pageview&_s=1&dl=https%3A%2F%2Fshopee.vn%2Fm%2Fshopee-sieu-re&dp=%2Fm%2Fshopee-sieu-re&ul=en-us&dt=Shopee%20Si%C3%AAu%20R%E1%BA%BB%20%7C%20S%C4%83n%20Deal%20%C4%90%E1%BB%93ng%20Gi%C3%A1%20T%E1%BB%AB%201.000%C4%90%20%7C%20Shopee%20Vi%E1%BB%87t%20Nam&sr=3414x1440&vp=1678x1286&_u=aCDAgEAjAAQCACgCI~&jid=1447983011&gjid=1590721020&cid=600429750.1773307536&tid=UA-61914164-6&_gid=123106969.1773307536&_slc=1&gtm=45He63a1n81WJZQSJFv77691473za200zd77691473&cg1=PageMicroSite&cg2=Microsite&gcs=G1--&gcd=13l3l3l3l5l1&dma=0&tag_exp=103116026~103200004~115616985~115938466~115938469~116024733~117484252&z=1014435347 => [200] 
[POST] https://stats.g.doubleclick.net/j/collect?t=dc&aip=1&_r=3&v=1&_v=j102&tid=UA-61914164-6&cid=600429750.1773307536&jid=1447983011&gjid=1590721020&_gid=123106969.1773307536&_u=aCDAgEAjAAQCAGgCIAC~&z=1184163963 => [200] 
[GET] https://deo.shopeemobile.com/shopee/stm-sg-live/shopee-pcmall-live-sg/vi.col57.1755192889.json => [200] 
[GET] https://www.google.com/measurement/1p-conversion/?random=1608815820&cv=11&tid=G-4GPP1ZXG63&fst=1773307535678&fmt=8&en=session_start&gtm=45je63a1v9116291019z877691473za20gzb77691473zd77691473xec&gcs=G1--&gcd=13l3l3l3l5l1&dma=0&tag_exp=103116026~103200004~115938466~115938468~116024733~117484252&u_w=3414&u_h=1440&url=https%3A%2F%2Fshopee.vn%2Fm%2Fshopee-sieu-re&gacid=600429750.1773307536&frm=0&tiba=Shopee%20Si%C3%AAu%20R%E1%BA%BB%20%7C%20S%C4%83n%20Deal%20%C4%90%E1%BB%93ng%20Gi%C3%A1%20T%E1%BB%AB%201.000%C4%90%20%7C%20Shopee%20Vi%E1%BB%87t%20Nam&npa=0&pscdl=noapi&auid=1727987669.1773307533&uaa=x86&uab=64&uafvl=Not%253AA-Brand%3B99.0.0.0%7CGoogle%2520Chrome%3B145.0.7632.160%7CChromium%3B145.0.7632.160&uamb=0&uam=&uap=Windows&uapv=10.0.0&uaw=0&ct_cookie_present=false&crd=CLTesQIIobixAgixwbECCLDBsQIIscOxAgiKxbECCMLJsQIItMaxAgiT2rECCNvcsQIIh9uxAgjTxbECCOvMsQII7c6xAgjVz7ECCPTasQIIl9SxAgjJ27ECCLHhsQIIs-GxAgiw3rECCIDbsQI&fsk=ChAI8MjJzQYQjKjbkLGMx9Y9EiwAxO74vWmWGDyj7P9P98nu8taMUSwszK7tIVlsIwBtrE7VBZYAU2dOpOD7ORoC1i0&pscrd=IhMI6_yvroWakwMVs4e5BR02jSxGMgwIA2IICAAQABgAIAAyDAgEYggIABAAGAAgADIMCAdiCAgAEAAYACAAMgwICGIICAAQABgAIAAyDAgJYggIABAAGAAgADIMCApiCAgAEAAYACAAMgwIAmIICAAQABgAIAAyDAgLYggIABAAGAAgADIMCBViCAgAEAAYACAAMgwIH2IICAAQABgAIAAyDAgTYggIABAAGAAgADIMCBJiCAgAEAAYACAAOhJodHRwczovL3Nob3BlZS52bi9CWENoRUk4TWpKelFZUWhZWFR6Y3Jmc19LUEFSSXRBTmI5UUpmRzZhd093X1kzZnE3X0l6TDIxSjJLQ0tzd09ydEx6VVVIdVJBWm5HaHgyRk1HR0NyTTZvcWF6DAgJYggIABAAGAAgAA => [200] 
[POST] https://ccms.shopee.io/core/app/module/fetch_nodes => [200] 
[GET] https://shopee.vn/api/v4/pages/get_footer_layout => [200] 
[GET] https://deo.shopeemobile.com/shopee/stm-sg-live/shopee-pcmall-live-sg/vi.col106.1770692705.json => [200] 
[GET] https://deo.shopeemobile.com/shopee/stm-sg-live/shopee-pcmall-live-sg/vi.col410.1755192930.json => [200] 
[GET] https://deo.shopeemobile.com/shopee/stm-sg-live/shopee-pcmall-live-sg/vi.col529.1755192936.json => [200] 
[POST] https://shopee.vn/api/v4/abtest/traffic/get_web_experiments => [200] 
[POST] https://shopee.vn/api/v2/authentication/get_active_login_page => [200] 
[POST] https://sub-us.ccms.shopee.io/core/app/module/fetch_nodes => [200] 
[POST] https://ad.doubleclick.net/activity;src=9526557;type=eng;cat=vn-w-pg;ord=3617890472080;npa=0;auiddc=1727987669.1773307533;u28=%2Fm%2Fshopee-sieu-re;u29=Shopee%20Si%C3%AAu%20R%E1%BA%BB%20%7C%20S%C4%83n%20Deal%20%C4%90%E1%BB%93ng%20Gi%C3%A1%20T%E1%BB%AB%201.000%C4%90%20%7C%20Shopee%20Vi%E1%BB%87t%20Nam;uaa=x86;uab=64;uafvl=Not%253AA-Brand%3B99.0.0.0%7CGoogle%2520Chrome%3B145.0.7632.160%7CChromium%3B145.0.7632.160;uamb=0;uam=;uap=Windows;uapv=10.0.0;uaw=0;pscdl=noapi;frm=0;_tu=KFA;gtm=45fe63a1v9190637462z877691473za20gzb77691473zd77691473xea;gcs=G1--;gcd=13l3l3l3l5l1;dma=0;dc_fmt=3;tag_exp=103116026~103200004~115938466~115938469~116024733~117484252;epver=2;dc_random=1773307536_PBuVp-S07_jNP7L45l1lzPaFZafdzfjOOw;~oref=https%3A%2F%2Fshopee.vn%2Fm%2Fshopee-sieu-re? => [302] 
[POST] https://ad.doubleclick.net/activity;src=9526557;type=eng;cat=vn-w-pg;ord=4761258529422;npa=0;auiddc=1727987669.1773307533;u28=%2Fbuyer%2Flogin%3Ffu_tracking_id%3D913e9672d5a-83d4-4b40-8572-0dd30e75eaa3%26next%3Dhttps%253A%252F%252Fshopee.vn%252Fm%252Fshopee-sieu-re;u29=Shopee%20Si%C3%AAu%20R%E1%BA%BB%20%7C%20S%C4%83n%20Deal%20%C4%90%E1%BB%93ng%20Gi%C3%A1%20T%E1%BB%AB%201.000%C4%90%20%7C%20Shopee%20Vi%E1%BB%87t%20Nam;uaa=x86;uab=64;uafvl=Not%253AA-Brand%3B99.0.0.0%7CGoogle%2520Chrome%3B145.0.7632.160%7CChromium%3B145.0.7632.160;uamb=0;uam=;uap=Windows;uapv=10.0.0;uaw=0;pscdl=noapi;frm=0;_tu=KFA;gtm=45fe63a1v9190637462z877691473za20gzb77691473zd77691473xea;gcs=G1--;gcd=13l3l3l3l5l1;dma=0;dc_fmt=3;tag_exp=103116026~103200004~115938466~115938469~116024733~117484252;epver=2;dc_random=1773307536_n0w8a2Yk1GDZrcWAMHBwdMGvEiEdPPkuWg;~oref=https%3A%2F%2Fshopee.vn%2Fbuyer%2Flogin%3Ffu_tracking_id%3D913e9672d5a-83d4-4b40-8572-0dd30e75eaa3%26next%3Dhttps%253A%252F%252Fshopee.vn%252Fm%252Fshopee-sieu-re? => [302] 
[GET] https://www.facebook.com/x/oauth/status?client_id=421039428061656&input_token&origin=1&redirect_uri=https%3A%2F%2Fshopee.vn%2Fbuyer%2Flogin%3Ffu_tracking_id%3D913e9672d5a-83d4-4b40-8572-0dd30e75eaa3%26next%3Dhttps%253A%252F%252Fshopee.vn%252Fm%252Fshopee-sieu-re&sdk=joey&wants_cookie_data=false => [200] 
[GET] https://ad.doubleclick.net/activity;dc_pre=CKjk766FmpMDFTb9TAId7yULbA;src=9526557;type=eng;cat=vn-w-pg;ord=4761258529422;npa=0;auiddc=1727987669.1773307533;u28=%2Fbuyer%2Flogin%3Ffu_tracking_id%3D913e9672d5a-83d4-4b40-8572-0dd30e75eaa3%26next%3Dhttps%253A%252F%252Fshopee.vn%252Fm%252Fshopee-sieu-re;u29=Shopee%20Si%C3%AAu%20R%E1%BA%BB%20%7C%20S%C4%83n%20Deal%20%C4%90%E1%BB%93ng%20Gi%C3%A1%20T%E1%BB%AB%201.000%C4%90%20%7C%20Shopee%20Vi%E1%BB%87t%20Nam;uaa=x86;uab=64;uafvl=Not%253AA-Brand%3B99.0.0.0%7CGoogle%2520Chrome%3B145.0.7632.160%7CChromium%3B145.0.7632.160;uamb=0;uam=;uap=Windows;uapv=10.0.0;uaw=0;pscdl=noapi;frm=0;_tu=KFA;gtm=45fe63a1v9190637462z877691473za20gzb77691473zd77691473xea;gcs=G1--;gcd=13l3l3l3l5l1;dma=0;dc_fmt=3;tag_exp=103116026~103200004~115938466~115938469~116024733~117484252;epver=2;dc_random=1773307536_n0w8a2Yk1GDZrcWAMHBwdMGvEiEdPPkuWg;~oref=https%3A%2F%2Fshopee.vn%2Fbuyer%2Flogin%3Ffu_tracking_id%3D913e9672d5a-83d4-4b40-8572-0dd30e75eaa3%26next%3Dhttps%253A%252F%252Fshopee.vn%252Fm%252Fshopee-sieu-re? => [200] 
[GET] https://ad.doubleclick.net/activity;dc_pre=CKfi766FmpMDFQ3CTAIdRVg4Jg;src=9526557;type=eng;cat=vn-w-pg;ord=3617890472080;npa=0;auiddc=1727987669.1773307533;u28=%2Fm%2Fshopee-sieu-re;u29=Shopee%20Si%C3%AAu%20R%E1%BA%BB%20%7C%20S%C4%83n%20Deal%20%C4%90%E1%BB%93ng%20Gi%C3%A1%20T%E1%BB%AB%201.000%C4%90%20%7C%20Shopee%20Vi%E1%BB%87t%20Nam;uaa=x86;uab=64;uafvl=Not%253AA-Brand%3B99.0.0.0%7CGoogle%2520Chrome%3B145.0.7632.160%7CChromium%3B145.0.7632.160;uamb=0;uam=;uap=Windows;uapv=10.0.0;uaw=0;pscdl=noapi;frm=0;_tu=KFA;gtm=45fe63a1v9190637462z877691473za20gzb77691473zd77691473xea;gcs=G1--;gcd=13l3l3l3l5l1;dma=0;dc_fmt=3;tag_exp=103116026~103200004~115938466~115938469~116024733~117484252;epver=2;dc_random=1773307536_PBuVp-S07_jNP7L45l1lzPaFZafdzfjOOw;~oref=https%3A%2F%2Fshopee.vn%2Fm%2Fshopee-sieu-re? => [200] 
[GET] https://www.facebook.com/x/oauth/status?client_id=421039428061656&input_token&origin=1&redirect_uri=https%3A%2F%2Fshopee.vn%2Fbuyer%2Flogin%3Ffu_tracking_id%3D913e9672d5a-83d4-4b40-8572-0dd30e75eaa3%26next%3Dhttps%253A%252F%252Fshopee.vn%252Fm%252Fshopee-sieu-re&sdk=joey&wants_cookie_data=false => [200] 
[POST] https://df.infra.sz.shopee.vn/v2/shpsec/web/report => [200] 
[POST] https://analytics.google.com/g/collect?v=2&tid=G-4GPP1ZXG63&gtm=45je63a1v9116291019za20gzb77691473zd77691473&_p=1773307532973&gcs=G1--&gcd=13l3l3l3l5l1&npa=0&dma=0&cid=600429750.1773307536&ecid=1891744438&ul=en-us&sr=3414x1440&uaa=x86&uab=64&uafvl=Not%253AA-Brand%3B99.0.0.0%7CGoogle%2520Chrome%3B145.0.7632.160%7CChromium%3B145.0.7632.160&uamb=0&uam=&uap=Windows&uapv=10.0.0&uaw=0&are=1&frm=0&pscdl=noapi&_eu=AEAAAGQ&_s=2&tag_exp=103116026~103200004~115938466~115938468~116024733~117484252&dl=https%3A%2F%2Fshopee.vn%2Fbuyer%2Flogin%3Ffu_tracking_id%3D913e9672d5a-83d4-4b40-8572-0dd30e75eaa3%26next%3Dhttps%253A%252F%252Fshopee.vn%252Fm%252Fshopee-sieu-re&dr=https%3A%2F%2Fshopee.vn%2Fm%2Fshopee-sieu-re&sid=1773307535&sct=1&seg=1&dt=%C4%90%C4%83ng%20nh%E1%BA%ADp%20t%C3%A0i%20kho%E1%BA%A3n%20-%20Mua%20s%E1%BA%AFm%20Online%20%7C%20Shopee%20Vi%E1%BB%87t%20Nam&_tu=KA&en=page_view&ep.useAmpClientId=true&ep.location=https%3A%2F%2Fshopee.vn%2Fm%2Fshopee-sieu-re&ep.page=%2Fm%2Fshopee-sieu-re&ep.content_group=Microsite&ep.ai_overview_text=undefined&_et=1567&tfd=9582 => [204] 
[POST] https://analytics.google.com/g/collect?v=2&tid=G-4GPP1ZXG63&gtm=45je63a1v9116291019za20gzb77691473zd77691473&_p=1773307532973&gcs=G1--&gcd=13l3l3l3l5l1&npa=0&dma=0&cid=600429750.1773307536&ecid=1891744438&ul=en-us&sr=3414x1440&uaa=x86&uab=64&uafvl=Not%253AA-Brand%3B99.0.0.0%7CGoogle%2520Chrome%3B145.0.7632.160%7CChromium%3B145.0.7632.160&uamb=0&uam=&uap=Windows&uapv=10.0.0&uaw=0&are=1&frm=0&pscdl=noapi&_eu=AEAAAGQ&_s=2&tag_exp=103116026~103200004~115938466~115938468~116024733~117484252&dl=https%3A%2F%2Fshopee.vn%2Fbuyer%2Flogin%3Ffu_tracking_id%3D913e9672d5a-83d4-4b40-8572-0dd30e75eaa3%26next%3Dhttps%253A%252F%252Fshopee.vn%252Fm%252Fshopee-sieu-re&dr=https%3A%2F%2Fshopee.vn%2Fm%2Fshopee-sieu-re&sid=1773307535&sct=1&seg=1&dt=%C4%90%C4%83ng%20nh%E1%BA%ADp%20t%C3%A0i%20kho%E1%BA%A3n%20-%20Mua%20s%E1%BA%AFm%20Online%20%7C%20Shopee%20Vi%E1%BB%87t%20Nam&_tu=KA&en=page_view&ep.useAmpClientId=true&ep.location=https%3A%2F%2Fshopee.vn%2Fm%2Fshopee-sieu-re&ep.page=%2Fm%2Fshopee-sieu-re&ep.content_group=Microsite&ep.ai_overview_text=undefined&_et=1567&tfd=9582 => [204] 
[POST] https://ubt.tracking.shopee.vn/v4/event_batch => [200] 
[POST] https://dem.shopee.com/dem/janus/v1/app-auth/login => [200] 
[POST] https://dem.shopee.com/dem/janus/v1/app-auth/login => [200] 
[POST] https://dem.shopee.com/dem/janus/v1/app-auth/login => [200] 
[POST] https://dem.shopee.com/dem/entrance/v1/apps/desktop-host-microsite-live/tags/web-custom/event/json => [200] 
[POST] https://dem.shopee.com/dem/entrance/v1/apps/desktop-host-microsite-live/tags/web-performance/event/json => [200] 
[POST] https://dem.shopee.com/dem/entrance/v1/apps/pc-platform/tags/web-custom/event/json => [200] 
[POST] https://dem.shopee.com/dem/entrance/v1/apps/pc-platform/tags/web-performance/event/json => [200] 
[POST] https://dem.shopee.com/dem/entrance/v1/apps/pc-promotion/tags/web-custom/event/json => [200] 
[POST] https://dem.shopee.com/dem/entrance/v1/apps/pc-promotion/tags/web-performance/event/json => [200] 